<?xml version="1.0" encoding="UTF-8"?>
<!-- Generated by org.testng.reporters.JUnitReportReporter -->
<testsuite name="com.testframework.testscripts.TC001_Amazon" tests="2" time="59.776" ignored="0" failures="0" timestamp="07 Nov 2017 06:06:54 GMT" skipped="0" hostname="ESW009" errors="0">
  <testcase name="AmazonLogin" time="35.490" classname="com.testframework.testscripts.TC001_Amazon"/>
  <testcase name="AmazonLogin" time="24.286" classname="com.testframework.testscripts.TC001_Amazon"/>
</testsuite> <!-- com.testframework.testscripts.TC001_Amazon -->
