<?xml version="1.0" encoding="UTF-8"?>
<!-- Generated by org.testng.reporters.JUnitReportReporter -->
<testsuite name="com.testframework.testdata.ParseFullCSVExample" tests="1" time="0.078" ignored="0" failures="0" timestamp="07 Nov 2017 08:12:38 GMT" skipped="0" hostname="ESW009" errors="0">
  <testcase name="test001" time="0.078" classname="com.testframework.testdata.ParseFullCSVExample"/>
</testsuite> <!-- com.testframework.testdata.ParseFullCSVExample -->
