<?xml version="1.0" encoding="UTF-8"?>
<!-- Generated by org.testng.reporters.JUnitReportReporter -->
<testsuite name="com.testframework.testscripts.TC001_Flipkart" tests="1" time="13.273" ignored="0" failures="0" timestamp="03 Nov 2017 07:34:23 GMT" skipped="0" hostname="ESW009" errors="0">
  <testcase name="flipkartLogin" time="13.273" classname="com.testframework.testscripts.TC001_Flipkart"/>
</testsuite> <!-- com.testframework.testscripts.TC001_Flipkart -->
