<?xml version="1.0" encoding="UTF-8"?>
<!-- Generated by org.testng.reporters.JUnitReportReporter -->
<testsuite name="com.testframework.testscripts.TC003_Hdfc2" tests="1" time="44.965" ignored="0" failures="0" timestamp="08 Nov 2017 08:25:57 GMT" skipped="0" hostname="ESW009" errors="0">
  <testcase name="HDFCLogin" time="44.965" classname="com.testframework.testscripts.TC003_Hdfc2"/>
</testsuite> <!-- com.testframework.testscripts.TC003_Hdfc2 -->
