<?xml version="1.0" encoding="UTF-8"?>
<!-- Generated by org.testng.reporters.JUnitReportReporter -->
<testsuite name="com.testframework.testscripts.TC002_Hdfc" tests="1" time="44.402" ignored="0" failures="0" timestamp="07 Nov 2017 06:01:11 GMT" skipped="0" hostname="ESW009" errors="0">
  <testcase name="HDFCLogin" time="44.402" classname="com.testframework.testscripts.TC002_Hdfc"/>
</testsuite> <!-- com.testframework.testscripts.TC002_Hdfc -->
